<?xml version="1.0"?>
<testsuite name="Chrome 60.0.3112 (Mac OS X 10.12.6)" package="" timestamp="2017-08-18T14:16:42" id="0" hostname="Kendalls-MacBook-Pro.local" tests="16" errors="0" failures="13" time="0.159">
  <properties>
    <property name="browser.fullName" value="Mozilla/5.0 (Macintosh; Intel Mac OS X 10_12_6) AppleWebKit/537.36 (KHTML, like Gecko) Chrome/60.0.3112.101 Safari/537.36"/>
  </properties>
  <testcase name="The musingsApp module exists" time="0.006" classname="The musingsApp module"/>
  <testcase name="The musingsController exists" time="0.057" classname="The musingsController">
    <failure type="">Error: [$controller:ctrlreg] The controller with the name 'musingsController' is not registered.
http://errors.angularjs.org/1.6.5/$controller/ctrlreg?p0=musingsController
    at node_modules/angular/angular.js:116:12
    at $controller (node_modules/angular/angular.js:10933:17)
    at node_modules/angular-mocks/angular-mocks.js:2308:14
    at UserContext.&lt;anonymous&gt; (test/unit/musingsControllerSpec.js:11:12)
    at Object.invoke (node_modules/angular/angular.js:5040:19)
    at UserContext.WorkFn (node_modules/angular-mocks/angular-mocks.js:3182:20)
Error: Declaration Location
    at window.inject.angular.mock.inject (node_modules/angular-mocks/angular-mocks.js:3145:25)
    at Suite.&lt;anonymous&gt; (test/unit/musingsControllerSpec.js:9:14)
    at test/unit/musingsControllerSpec.js:4:1
</failure>
    <failure type="">Expected undefined to be defined.
    at UserContext.&lt;anonymous&gt; (test/unit/musingsControllerSpec.js:15:18)
</failure>
  </testcase>
  <testcase name="The musingsController has a property `musings` that holds the return of `musings.all()`" time="0.004" classname="The musingsController">
    <failure type="">Error: [$controller:ctrlreg] The controller with the name 'musingsController' is not registered.
http://errors.angularjs.org/1.6.5/$controller/ctrlreg?p0=musingsController
    at node_modules/angular/angular.js:116:12
    at $controller (node_modules/angular/angular.js:10933:17)
    at node_modules/angular-mocks/angular-mocks.js:2308:14
    at UserContext.&lt;anonymous&gt; (test/unit/musingsControllerSpec.js:11:12)
    at Object.invoke (node_modules/angular/angular.js:5040:19)
    at UserContext.WorkFn (node_modules/angular-mocks/angular-mocks.js:3182:20)
</failure>
    <failure type="">TypeError: Cannot read property 'musings' of undefined
    at UserContext.&lt;anonymous&gt; (test/unit/musingsControllerSpec.js:19:16)
</failure>
  </testcase>
  <testcase name="The musingsController has a property `newMusing` that exists" time="0.012" classname="The musingsController">
    <failure type="">Error: [$controller:ctrlreg] The controller with the name 'musingsController' is not registered.
http://errors.angularjs.org/1.6.5/$controller/ctrlreg?p0=musingsController
    at node_modules/angular/angular.js:116:12
    at $controller (node_modules/angular/angular.js:10933:17)
    at node_modules/angular-mocks/angular-mocks.js:2308:14
    at UserContext.&lt;anonymous&gt; (test/unit/musingsControllerSpec.js:11:12)
    at Object.invoke (node_modules/angular/angular.js:5040:19)
    at UserContext.WorkFn (node_modules/angular-mocks/angular-mocks.js:3182:20)
</failure>
    <failure type="">TypeError: Cannot read property 'newMusing' of undefined
    at UserContext.&lt;anonymous&gt; (test/unit/musingsControllerSpec.js:24:18)
</failure>
  </testcase>
  <testcase name="The musingsController has a property `newMusing` that is an object with properties `title`, `content`, and `author` that are initially empty stings" time="0.003" classname="The musingsController">
    <failure type="">Error: [$controller:ctrlreg] The controller with the name 'musingsController' is not registered.
http://errors.angularjs.org/1.6.5/$controller/ctrlreg?p0=musingsController
    at node_modules/angular/angular.js:116:12
    at $controller (node_modules/angular/angular.js:10933:17)
    at node_modules/angular-mocks/angular-mocks.js:2308:14
    at UserContext.&lt;anonymous&gt; (test/unit/musingsControllerSpec.js:11:12)
    at Object.invoke (node_modules/angular/angular.js:5040:19)
    at UserContext.WorkFn (node_modules/angular-mocks/angular-mocks.js:3182:20)
</failure>
    <failure type="">TypeError: Cannot read property 'newMusing' of undefined
    at UserContext.&lt;anonymous&gt; (test/unit/musingsControllerSpec.js:28:18)
</failure>
  </testcase>
  <testcase name="The musingsController has a method `createMusing` that will create a new musing in the musings service based on the value of the `newMusing` property" time="0.006" classname="The musingsController">
    <failure type="">Error: [$controller:ctrlreg] The controller with the name 'musingsController' is not registered.
http://errors.angularjs.org/1.6.5/$controller/ctrlreg?p0=musingsController
    at node_modules/angular/angular.js:116:12
    at $controller (node_modules/angular/angular.js:10933:17)
    at node_modules/angular-mocks/angular-mocks.js:2308:14
    at UserContext.&lt;anonymous&gt; (test/unit/musingsControllerSpec.js:11:12)
    at Object.invoke (node_modules/angular/angular.js:5040:19)
    at UserContext.WorkFn (node_modules/angular-mocks/angular-mocks.js:3182:20)
</failure>
    <failure type="">TypeError: Cannot read property 'newMusing' of undefined
    at UserContext.&lt;anonymous&gt; (test/unit/musingsControllerSpec.js:35:9)
</failure>
  </testcase>
  <testcase name="The musingsController has a method `removeMusing` that takes an index and calls `musings.remove` with that index" time="0.004" classname="The musingsController">
    <failure type="">Error: [$controller:ctrlreg] The controller with the name 'musingsController' is not registered.
http://errors.angularjs.org/1.6.5/$controller/ctrlreg?p0=musingsController
    at node_modules/angular/angular.js:116:12
    at $controller (node_modules/angular/angular.js:10933:17)
    at node_modules/angular-mocks/angular-mocks.js:2308:14
    at UserContext.&lt;anonymous&gt; (test/unit/musingsControllerSpec.js:11:12)
    at Object.invoke (node_modules/angular/angular.js:5040:19)
    at UserContext.WorkFn (node_modules/angular-mocks/angular-mocks.js:3182:20)
</failure>
    <failure type="">ReferenceError: musings is not defined
    at Object.all (js/app.js:31:7)
    at UserContext.&lt;anonymous&gt; (test/unit/musingsControllerSpec.js:48:33)
</failure>
  </testcase>
  <testcase name="The musings service exists" time="0.004" classname="The musings service"/>
  <testcase name="The musings service has a method &quot;.all&quot; that is a function" time="0.009" classname="The musings service"/>
  <testcase name="The musings service has a method &quot;.all&quot; that returns an array" time="0.005" classname="The musings service">
    <failure type="">ReferenceError: musings is not defined
    at Object.all (js/app.js:31:7)
    at UserContext.&lt;anonymous&gt; (test/unit/musingsServiceSpec.js:24:24)
</failure>
  </testcase>
  <testcase name="The musings service has a method &quot;.all&quot; that returns an array with a length greater than 2" time="0.017" classname="The musings service">
    <failure type="">ReferenceError: musings is not defined
    at Object.all (js/app.js:31:7)
    at UserContext.&lt;anonymous&gt; (test/unit/musingsServiceSpec.js:28:24)
</failure>
  </testcase>
  <testcase name="The musings service has a method &quot;.all&quot; that returns an array where each element is an object with properties &quot;title&quot;, &quot;content&quot;, and &quot;author&quot;" time="0.003" classname="The musings service">
    <failure type="">ReferenceError: musings is not defined
    at Object.all (js/app.js:31:7)
    at UserContext.&lt;anonymous&gt; (test/unit/musingsServiceSpec.js:32:24)
</failure>
  </testcase>
  <testcase name="The musings service has a method &quot;.create&quot; that is a function" time="0.005" classname="The musings service">
    <failure type="">Expected undefined to equal &lt;jasmine.any(Function)&gt;.
    at UserContext.&lt;anonymous&gt; (test/unit/musingsServiceSpec.js:41:30)
</failure>
  </testcase>
  <testcase name="The musings service has a method &quot;.create&quot; that takes an object and adds it to the array" time="0.006" classname="The musings service">
    <failure type="">ReferenceError: musings is not defined
    at Object.all (js/app.js:31:7)
    at UserContext.&lt;anonymous&gt; (test/unit/musingsServiceSpec.js:44:35)
</failure>
  </testcase>
  <testcase name="The musings service has a method &quot;.remove&quot; that is a function" time="0.012" classname="The musings service">
    <failure type="">Expected undefined to equal &lt;jasmine.any(Function)&gt;.
    at UserContext.&lt;anonymous&gt; (test/unit/musingsServiceSpec.js:56:30)
</failure>
  </testcase>
  <testcase name="The musings service has a method &quot;.remove&quot; that takes an index and deletes the musing at that index of the musings array" time="0.006" classname="The musings service">
    <failure type="">ReferenceError: musings is not defined
    at Object.all (js/app.js:31:7)
    at UserContext.&lt;anonymous&gt; (test/unit/musingsServiceSpec.js:60:35)
</failure>
  </testcase>
  <system-out>
    <![CDATA[
]]>
  </system-out>
  <system-err/>
</testsuite>